#
# A fatal error has been detected by the Java Runtime Environment:
#
#  SIGSEGV (0xb) at pc=0x000000010a2ad798, pid=27043, tid=20227
#
# JRE version: Java(TM) SE Runtime Environment (7.0_40-b43) (build 1.7.0_40-b43)
# Java VM: Java HotSpot(TM) 64-Bit Server VM (24.0-b56 mixed mode bsd-amd64 compressed oops)
# Problematic frame:
# V  [libjvm.dylib+0x2ad798]  java_lang_String::length(oopDesc*)+0x54
#
# Failed to write core dump. Core dumps have been disabled. To enable core dumping, try "ulimit -c unlimited" before starting Java again
#
# If you would like to submit a bug report, please visit:
#   http://bugreport.sun.com/bugreport/crash.jsp
#

---------------  T H R E A D  ---------------

Current thread (0x00007fc844027800):  JavaThread "JDWP Transport Listener: dt_socket" daemon [_thread_in_vm, id=20227, stack(0x000000011a205000,0x000000011a305000)]

siginfo:si_signo=SIGSEGV: si_errno=0, si_code=1 (SEGV_MAPERR), si_addr=0x000000000000000c

Registers:
RAX=0x0000000000000000, RBX=0x00000007ac2a8760, RCX=0x000000000000000c, RDX=0x0000000000000000
RSP=0x000000011a304a20, RBP=0x000000011a304a20, RSI=0x00007fc848920590, RDI=0x00000007ac2a8760
R8 =0x0000000000000000, R9 =0x00007fc842600000, R10=0x00000000f0833b72, R11=0xffff8038d5b01400
R12=0x00007fc844027800, R13=0x00007fc844803640, R14=0x0000000000000000, R15=0x0000000000000000
RIP=0x000000010a2ad798, EFLAGS=0x0000000000010202, ERR=0x0000000000000004
  TRAPNO=0x000000000000000e

Top of Stack: (sp=0x000000011a304a20)
0x000000011a304a20:   000000011a304a50 000000010a2dcf4a
0x000000011a304a30:   0000000000000000 0000000000000000
0x000000011a304a40:   00000007ac2a8760 00007fc8440279e8
0x000000011a304a50:   000000011a304ac0 000000010a304660
0x000000011a304a60:   00007fc844027800 00007fc844027800
0x000000011a304a70:   0000000000000000 0000000000000000
0x000000011a304a80:   00007fc8440279e8 00007fc844027800
0x000000011a304a90:   00007fc844027800 000000011a304b18
0x000000011a304aa0:   00007fc848920590 00007fc844803640
0x000000011a304ab0:   000000011a304ca0 00007fc8440279e8
0x000000011a304ac0:   000000011a304af0 000000010ab9952e
0x000000011a304ad0:   000000011a304ca0 000000010abb9dc0
0x000000011a304ae0:   000000011a304b18 000000010abc5578
0x000000011a304af0:   000000011a304d10 000000010aba06b2
0x000000011a304b00:   00002eaa00000013 0000000000010a00
0x000000011a304b10:   00007fc844803680 000000011a304b68
0x000000011a304b20:   00007fc80000012c 000000011a304b30
0x000000011a304b30:   00007fc800000000 000000011a304b68
0x000000011a304b40:   0000000000000000 00007f0000000000
0x000000011a304b50:   00002eaa00000014 00007fff00005e80
0x000000011a304b60:   000000011a304b68 000000000000004c
0x000000011a304b70:   657551746e657600 7f000046302d6575
0x000000011a304b80:   000000e8b46942c8 0000002300000000
0x000000011a304b90:   0000010100730000 0000540000000000
0x000000011a304ba0:   000028e46942c87f 00001f0000000000
0x000000011a304bb0:   0001020073000000 0050000000000000
0x000000011a304bc0:   0060e26942c87f00 0015000000000000
0x000000011a304bd0:   0103007300000000 4b00000000000000
0x000000011a304be0:   e0cb6542c87f0000 0d00000000000000
0x000000011a304bf0:   0400730000000000 0000000000000001
0x000000011a304c00:   b29248c87f00003e 00000000000000d8
0x000000011a304c10:   007300000000000d 0000000000000105 

Instructions: (pc=0x000000010a2ad798)
0x000000010a2ad778:   eb 16 48 8d 35 3f 2e 4c 00 8a 4e 08 48 d3 e2 48
0x000000010a2ad788:   03 16 eb 04 48 8b 14 0f 84 c0 0f 94 c0 0f b6 c0
0x000000010a2ad798:   8b 44 82 0c 5d c3 8b 04 07 5d c3 90 55 48 89 e5
0x000000010a2ad7a8:   f6 87 8d 00 00 00 02 75 04 31 ff eb 23 48 63 87 

Register to memory mapping:

RAX=0x0000000000000000 is an unknown value
RBX=0x00000007ac2a8760 is an oop
java.lang.String 
 - klass: 'java/lang/String'
RCX=0x000000000000000c is an unknown value
RDX=0x0000000000000000 is an unknown value
RSP=0x000000011a304a20 is pointing into the stack for thread: 0x00007fc844027800
RBP=0x000000011a304a20 is pointing into the stack for thread: 0x00007fc844027800
RSI=0x00007fc848920590 is a global jni handle
RDI=0x00000007ac2a8760 is an oop
java.lang.String 
 - klass: 'java/lang/String'
R8 =0x0000000000000000 is an unknown value
R9 =0x00007fc842600000 is an unknown value
R10=0x00000000f0833b72 is an unknown value
R11=0xffff8038d5b01400 is an unknown value
R12=0x00007fc844027800 is a thread
R13=0x00007fc844803640 is an unknown value
R14=0x0000000000000000 is an unknown value
R15=0x0000000000000000 is an unknown value


Stack: [0x000000011a205000,0x000000011a305000],  sp=0x000000011a304a20,  free space=1022k
Native frames: (J=compiled Java code, j=interpreted, Vv=VM code, C=native code)
V  [libjvm.dylib+0x2ad798]  java_lang_String::length(oopDesc*)+0x54
V  [libjvm.dylib+0x2dcf4a]  java_lang_String::utf8_length(oopDesc*)+0x38
V  [libjvm.dylib+0x304660]  jni_GetStringUTFChars+0x71
C  [libjdwp.dylib+0x752e]  value+0x96
C  [libjdwp.dylib+0xe6b2]  debugLoop_run+0x1ce
C  [libjdwp.dylib+0x1f132]  attachThread+0x4d
V  [libjvm.dylib+0x373996]  JvmtiAgentThread::call_start_function()+0x38
V  [libjvm.dylib+0x4ef257]  JavaThread::thread_main_inner()+0x9b
V  [libjvm.dylib+0x4f095f]  JavaThread::run()+0x1a3
V  [libjvm.dylib+0x41a8e1]  java_start(Thread*)+0xd5
C  [libsystem_pthread.dylib+0x1899]  _pthread_body+0x8a
C  [libsystem_pthread.dylib+0x172a]  _pthread_struct_init+0x0
C  [libsystem_pthread.dylib+0x5fc9]  thread_start+0xd


---------------  P R O C E S S  ---------------

Java Threads: ( => current thread )
  0x00007fc8441dc000 JavaThread "TimerQueue" daemon [_thread_blocked, id=59711, stack(0x000000012a1f3000,0x000000012a2f3000)]
  0x00007fc846809000 JavaThread "Java2D Disposer" daemon [_thread_blocked, id=52995, stack(0x0000000120023000,0x0000000120123000)]
  0x00007fc843820800 JavaThread "Java2D Queue Flusher" daemon [_thread_blocked, id=51463, stack(0x000000011f111000,0x000000011f211000)]
  0x00007fc84381f800 JavaThread "DestroyJavaVM" [_thread_blocked, id=6403, stack(0x000000010aa53000,0x000000010ab53000)]
  0x00007fc8430fd800 JavaThread "AWT-EventQueue-0" [_thread_blocked, id=49923, stack(0x000000011f00e000,0x000000011f10e000)]
  0x00007fc844089000 JavaThread "AWT-Shutdown" [_thread_blocked, id=31499, stack(0x000000011c30c000,0x000000011c40c000)]
  0x00007fc8430dc800 JavaThread "AppKit Thread" daemon [_thread_in_native, id=1287, stack(0x00007fff56c99000,0x00007fff56d19000)]
  0x00007fc845800000 JavaThread "Service Thread" daemon [_thread_blocked, id=22787, stack(0x000000011a714000,0x000000011a814000)]
  0x00007fc84304c000 JavaThread "C2 CompilerThread1" daemon [_thread_blocked, id=22275, stack(0x000000011a611000,0x000000011a711000)]
  0x00007fc843803000 JavaThread "C2 CompilerThread0" daemon [_thread_blocked, id=21763, stack(0x000000011a50e000,0x000000011a60e000)]
  0x00007fc842815000 JavaThread "JDWP Command Reader" daemon [_thread_in_native, id=21251, stack(0x000000011a40b000,0x000000011a50b000)]
  0x00007fc844028000 JavaThread "JDWP Event Helper Thread" daemon [_thread_blocked, id=20739, stack(0x000000011a308000,0x000000011a408000)]
=>0x00007fc844027800 JavaThread "JDWP Transport Listener: dt_socket" daemon [_thread_in_vm, id=20227, stack(0x000000011a205000,0x000000011a305000)]
  0x00007fc844020000 JavaThread "Signal Dispatcher" daemon [_thread_blocked, id=19715, stack(0x000000011a0fc000,0x000000011a1fc000)]
  0x00007fc843049000 JavaThread "Finalizer" daemon [_thread_blocked, id=14595, stack(0x0000000119eab000,0x0000000119fab000)]
  0x00007fc843046800 JavaThread "Reference Handler" daemon [_thread_blocked, id=14083, stack(0x0000000119da8000,0x0000000119ea8000)]

Other Threads:
  0x00007fc843045800 VMThread [stack: 0x0000000119ca5000,0x0000000119da5000] [id=13571]
  0x00007fc844020800 WatcherThread [stack: 0x000000011a817000,0x000000011a917000] [id=23299]

VM state:not at safepoint (normal execution)

VM Mutex/Monitor currently owned by a thread: None

Heap
 PSYoungGen      total 76800K, used 26426K [0x00000007aaa80000, 0x00000007b0000000, 0x0000000800000000)
  eden space 66048K, 40% used [0x00000007aaa80000,0x00000007ac44e8f0,0x00000007aeb00000)
  from space 10752K, 0% used [0x00000007af580000,0x00000007af580000,0x00000007b0000000)
  to   space 10752K, 0% used [0x00000007aeb00000,0x00000007aeb00000,0x00000007af580000)
 ParOldGen       total 174592K, used 0K [0x0000000700000000, 0x000000070aa80000, 0x00000007aaa80000)
  object space 174592K, 0% used [0x0000000700000000,0x0000000700000000,0x000000070aa80000)
 PSPermGen       total 21504K, used 10913K [0x00000006fae00000, 0x00000006fc300000, 0x0000000700000000)
  object space 21504K, 50% used [0x00000006fae00000,0x00000006fb8a8580,0x00000006fc300000)

Card table byte_map: [0x000000010dca1000,0x000000010e4cb000] byte_map_base: 0x000000010a4ca000

Polling page: 0x0000000108ffb000

Code Cache  [0x000000010abe1000, 0x000000010ae51000, 0x000000010dbe1000)
 total_blobs=461 nmethods=29 adapters=394 free_code_cache=48569Kb largest_free_block=49713792

Compilation events (10 events):
Event: 4.938 Thread 0x00007fc843803000   24             java.util.ArrayList::size (5 bytes)
Event: 4.938 Thread 0x00007fc843803000 nmethod 24 0x000000010ac6e350 code [0x000000010ac6e480, 0x000000010ac6e4d8]
Event: 4.954 Thread 0x00007fc84304c000   25             java.util.ArrayList::rangeCheck (22 bytes)
Event: 4.954 Thread 0x00007fc843803000   26             java.util.ArrayList::elementData (7 bytes)
Event: 4.955 Thread 0x00007fc84304c000 nmethod 25 0x000000010ac6e110 code [0x000000010ac6e240, 0x000000010ac6e2b8]
Event: 4.955 Thread 0x00007fc843803000 nmethod 26 0x000000010ac6de10 code [0x000000010ac6df60, 0x000000010ac6e038]
Event: 4.972 Thread 0x00007fc84304c000   27             java.util.ArrayList::get (11 bytes)
Event: 4.972 Thread 0x00007fc84304c000 nmethod 27 0x000000010ac6da90 code [0x000000010ac6dbe0, 0x000000010ac6dcd8]
Event: 5.101 Thread 0x00007fc843803000   28             java.awt.Container::findComponentAtImpl (315 bytes)
Event: 5.118 Thread 0x00007fc843803000 nmethod 28 0x000000010ac6e790 code [0x000000010ac6ea40, 0x000000010ac6ffc8]

GC Heap History (0 events):
No events

Deoptimization events (5 events):
Event: 0.805 Thread 0x00007fc8430fd800 Uncommon trap: reason=unloaded action=reinterpret pc=0x000000010ac5d998 method=java.lang.CharacterData.of(I)Ljava/lang/CharacterData; @ 96
Event: 4.388 Thread 0x00007fc8430fd800 Uncommon trap: reason=class_check action=maybe_recompile pc=0x000000010ac55a30 method=java.lang.String.equals(Ljava/lang/Object;)Z @ 8
Event: 4.389 Thread 0x00007fc8430fd800 Uncommon trap: reason=class_check action=maybe_recompile pc=0x000000010ac55a30 method=java.lang.String.equals(Ljava/lang/Object;)Z @ 8
Event: 4.391 Thread 0x00007fc8430fd800 Uncommon trap: reason=class_check action=maybe_recompile pc=0x000000010ac55a30 method=java.lang.String.equals(Ljava/lang/Object;)Z @ 8
Event: 4.391 Thread 0x00007fc8430fd800 Uncommon trap: reason=class_check action=maybe_recompile pc=0x000000010ac55a30 method=java.lang.String.equals(Ljava/lang/Object;)Z @ 8

Internal exceptions (10 events):
Event: 0.280 Thread 0x00007fc8430fd800 Threw 0x00000007aaed0358 at /HUDSON/workspace/jdk7u40-2-build-macosx-amd64-product/jdk7u40/hotspot/src/share/vm/prims/jvm.cpp:1244
Event: 0.281 Thread 0x00007fc8430fd800 Threw 0x00000007aaedcde8 at /HUDSON/workspace/jdk7u40-2-build-macosx-amd64-product/jdk7u40/hotspot/src/share/vm/prims/jvm.cpp:1244
Event: 0.281 Thread 0x00007fc8430fd800 Threw 0x00000007aaedea60 at /HUDSON/workspace/jdk7u40-2-build-macosx-amd64-product/jdk7u40/hotspot/src/share/vm/prims/jvm.cpp:1244
Event: 4.308 Thread 0x00007fc8430fd800 Threw 0x00000007ac182558 at /HUDSON/workspace/jdk7u40-2-build-macosx-amd64-product/jdk7u40/hotspot/src/share/vm/prims/jvm.cpp:1244
Event: 4.308 Thread 0x00007fc8430fd800 Threw 0x00000007ac1881e8 at /HUDSON/workspace/jdk7u40-2-build-macosx-amd64-product/jdk7u40/hotspot/src/share/vm/prims/jvm.cpp:1244
Event: 4.309 Thread 0x00007fc8430fd800 Threw 0x00000007ac18d0f8 at /HUDSON/workspace/jdk7u40-2-build-macosx-amd64-product/jdk7u40/hotspot/src/share/vm/prims/jvm.cpp:1244
Event: 4.319 Thread 0x00007fc8430fd800 Threw 0x00000007ac191178 at /HUDSON/workspace/jdk7u40-2-build-macosx-amd64-product/jdk7u40/hotspot/src/share/vm/prims/jvm.cpp:1244
Event: 4.367 Thread 0x00007fc8430fd800 Threw 0x00000007ac228900 at /HUDSON/workspace/jdk7u40-2-build-macosx-amd64-product/jdk7u40/hotspot/src/share/vm/prims/jvm.cpp:1244
Event: 4.368 Thread 0x00007fc8430fd800 Threw 0x00000007ac22c750 at /HUDSON/workspace/jdk7u40-2-build-macosx-amd64-product/jdk7u40/hotspot/src/share/vm/prims/jvm.cpp:1244
Event: 58.137 Thread 0x00007fc8430fd800 Threw 0x00000007ac2a5428 at /HUDSON/workspace/jdk7u40-2-build-macosx-amd64-product/jdk7u40/hotspot/src/share/vm/prims/jvm.cpp:1244

Events (10 events):
Event: 187.184 Executing VM operation: EnterInterpOnlyMode
Event: 187.184 Executing VM operation: EnterInterpOnlyMode done
Event: 187.184 Executing VM operation: GetCurrentLocation
Event: 187.184 Executing VM operation: GetCurrentLocation done
Event: 187.184 Executing VM operation: ChangeSingleStep
Event: 187.184 Executing VM operation: ChangeSingleStep done
Event: 187.184 Executing VM operation: ChangeSingleStep
Event: 187.184 Executing VM operation: ChangeSingleStep done
Event: 187.287 Executing VM operation: GetOrSetLocal
Event: 187.287 Executing VM operation: GetOrSetLocal done


Dynamic libraries:
0x0000000004ed3000 	/System/Library/Frameworks/Cocoa.framework/Versions/A/Cocoa
0x0000000004ed3000 	/System/Library/Frameworks/Security.framework/Versions/A/Security
0x0000000004ed3000 	/System/Library/Frameworks/ApplicationServices.framework/Versions/A/ApplicationServices
0x0000000004ed3000 	/usr/lib/libz.1.dylib
0x0000000004ed3000 	/usr/lib/libSystem.B.dylib
0x0000000004ed3000 	/usr/lib/libobjc.A.dylib
0x0000000004ed3000 	/System/Library/Frameworks/CoreFoundation.framework/Versions/A/CoreFoundation
0x0000000004ed3000 	/System/Library/Frameworks/Foundation.framework/Versions/C/Foundation
0x0000000004ed3000 	/System/Library/Frameworks/AppKit.framework/Versions/C/AppKit
0x0000000004ed3000 	/System/Library/Frameworks/CoreData.framework/Versions/A/CoreData
0x0000000004ed3000 	/System/Library/PrivateFrameworks/RemoteViewServices.framework/Versions/A/RemoteViewServices
0x0000000004ed3000 	/System/Library/Frameworks/AudioToolbox.framework/Versions/A/AudioToolbox
0x0000000004ed3000 	/System/Library/Frameworks/AudioUnit.framework/Versions/A/AudioUnit
0x0000000004ed3000 	/System/Library/PrivateFrameworks/DataDetectorsCore.framework/Versions/A/DataDetectorsCore
0x0000000004ed3000 	/System/Library/PrivateFrameworks/DesktopServicesPriv.framework/Versions/A/DesktopServicesPriv
0x0000000004ed3000 	/System/Library/Frameworks/Carbon.framework/Versions/A/Frameworks/HIToolbox.framework/Versions/A/HIToolbox
0x0000000004ed3000 	/System/Library/Frameworks/QuartzCore.framework/Versions/A/QuartzCore
0x0000000004ed3000 	/System/Library/Frameworks/Carbon.framework/Versions/A/Frameworks/SpeechRecognition.framework/Versions/A/SpeechRecognition
0x0000000004ed3000 	/usr/lib/libauto.dylib
0x0000000004ed3000 	/usr/lib/libicucore.A.dylib
0x0000000004ed3000 	/usr/lib/libxml2.2.dylib
0x0000000004ed3000 	/System/Library/PrivateFrameworks/CoreUI.framework/Versions/A/CoreUI
0x0000000004ed3000 	/System/Library/Frameworks/CoreAudio.framework/Versions/A/CoreAudio
0x0000000004ed3000 	/System/Library/Frameworks/DiskArbitration.framework/Versions/A/DiskArbitration
0x0000000004ed3000 	/usr/lib/liblangid.dylib
0x0000000004ed3000 	/System/Library/PrivateFrameworks/MultitouchSupport.framework/Versions/A/MultitouchSupport
0x0000000004ed3000 	/System/Library/Frameworks/IOKit.framework/Versions/A/IOKit
0x0000000004ed3000 	/usr/lib/libDiagnosticMessagesClient.dylib
0x0000000004ed3000 	/System/Library/Frameworks/CoreServices.framework/Versions/A/CoreServices
0x0000000004ed3000 	/System/Library/PrivateFrameworks/PerformanceAnalysis.framework/Versions/A/PerformanceAnalysis
0x0000000004ed3000 	/System/Library/PrivateFrameworks/GenerationalStorage.framework/Versions/A/GenerationalStorage
0x0000000004ed3000 	/System/Library/Frameworks/OpenGL.framework/Versions/A/OpenGL
0x0000000004ed3000 	/System/Library/PrivateFrameworks/Sharing.framework/Versions/A/Sharing
0x0000000004ed3000 	/System/Library/Frameworks/ImageIO.framework/Versions/A/ImageIO
0x0000000004ed3000 	/System/Library/Frameworks/CoreText.framework/Versions/A/CoreText
0x0000000004ed3000 	/System/Library/Frameworks/CoreGraphics.framework/Versions/A/CoreGraphics
0x0000000004ed3000 	/System/Library/PrivateFrameworks/Backup.framework/Versions/A/Backup
0x0000000004ed3000 	/System/Library/Frameworks/CFNetwork.framework/Versions/A/CFNetwork
0x0000000004ed3000 	/System/Library/Frameworks/SystemConfiguration.framework/Versions/A/SystemConfiguration
0x0000000004ed3000 	/usr/lib/libCRFSuite.dylib
0x0000000004ed3000 	/usr/lib/libc++.1.dylib
0x0000000004ed3000 	/usr/lib/libc++abi.dylib
0x0000000004ed3000 	/usr/lib/system/libcache.dylib
0x0000000004ed3000 	/usr/lib/system/libcommonCrypto.dylib
0x0000000004ed3000 	/usr/lib/system/libcompiler_rt.dylib
0x0000000004ed3000 	/usr/lib/system/libcopyfile.dylib
0x0000000004ed3000 	/usr/lib/system/libcorecrypto.dylib
0x0000000004ed3000 	/usr/lib/system/libdispatch.dylib
0x0000000004ed3000 	/usr/lib/system/libdyld.dylib
0x0000000004ed3000 	/usr/lib/system/libkeymgr.dylib
0x0000000004ed3000 	/usr/lib/system/liblaunch.dylib
0x0000000004ed3000 	/usr/lib/system/libmacho.dylib
0x0000000004ed3000 	/usr/lib/system/libquarantine.dylib
0x0000000004ed3000 	/usr/lib/system/libremovefile.dylib
0x0000000004ed3000 	/usr/lib/system/libsystem_asl.dylib
0x0000000004ed3000 	/usr/lib/system/libsystem_blocks.dylib
0x0000000004ed3000 	/usr/lib/system/libsystem_c.dylib
0x0000000004ed3000 	/usr/lib/system/libsystem_configuration.dylib
0x0000000004ed3000 	/usr/lib/system/libsystem_dnssd.dylib
0x0000000004ed3000 	/usr/lib/system/libsystem_info.dylib
0x0000000004ed3000 	/usr/lib/system/libsystem_kernel.dylib
0x0000000004ed3000 	/usr/lib/system/libsystem_m.dylib
0x0000000004ed3000 	/usr/lib/system/libsystem_malloc.dylib
0x0000000004ed3000 	/usr/lib/system/libsystem_network.dylib
0x0000000004ed3000 	/usr/lib/system/libsystem_notify.dylib
0x0000000004ed3000 	/usr/lib/system/libsystem_platform.dylib
0x0000000004ed3000 	/usr/lib/system/libsystem_pthread.dylib
0x0000000004ed3000 	/usr/lib/system/libsystem_sandbox.dylib
0x0000000004ed3000 	/usr/lib/system/libsystem_stats.dylib
0x0000000004ed3000 	/usr/lib/system/libunc.dylib
0x0000000004ed3000 	/usr/lib/system/libunwind.dylib
0x0000000004ed3000 	/usr/lib/system/libxpc.dylib
0x0000000004ed3000 	/usr/lib/libbsm.0.dylib
0x0000000004ed3000 	/usr/lib/libsqlite3.dylib
0x0000000004ed3000 	/usr/lib/libxar.1.dylib
0x0000000004ed3000 	/usr/lib/libpam.2.dylib
0x0000000004ed3000 	/usr/lib/libOpenScriptingUtil.dylib
0x0000000004ed3000 	/usr/lib/libbz2.1.0.dylib
0x0000000004ed3000 	/System/Library/Frameworks/CoreServices.framework/Versions/A/Frameworks/CarbonCore.framework/Versions/A/CarbonCore
0x0000000004ed3000 	/System/Library/Frameworks/CoreServices.framework/Versions/A/Frameworks/Metadata.framework/Versions/A/Metadata
0x0000000004ed3000 	/System/Library/Frameworks/CoreServices.framework/Versions/A/Frameworks/OSServices.framework/Versions/A/OSServices
0x0000000004ed3000 	/System/Library/Frameworks/CoreServices.framework/Versions/A/Frameworks/SearchKit.framework/Versions/A/SearchKit
0x0000000004ed3000 	/System/Library/Frameworks/CoreServices.framework/Versions/A/Frameworks/AE.framework/Versions/A/AE
0x0000000004ed3000 	/System/Library/Frameworks/CoreServices.framework/Versions/A/Frameworks/LaunchServices.framework/Versions/A/LaunchServices
0x0000000004ed3000 	/System/Library/Frameworks/CoreServices.framework/Versions/A/Frameworks/DictionaryServices.framework/Versions/A/DictionaryServices
0x0000000004ed3000 	/System/Library/Frameworks/NetFS.framework/Versions/A/NetFS
0x0000000004ed3000 	/usr/lib/system/libkxld.dylib
0x0000000004ed3000 	/System/Library/PrivateFrameworks/NetAuth.framework/Versions/A/NetAuth
0x0000000004ed3000 	/System/Library/PrivateFrameworks/TCC.framework/Versions/A/TCC
0x0000000004ed3000 	/System/Library/Frameworks/OpenDirectory.framework/Versions/A/Frameworks/CFOpenDirectory.framework/Versions/A/CFOpenDirectory
0x0000000004ed3000 	/System/Library/Frameworks/ServiceManagement.framework/Versions/A/ServiceManagement
0x0000000004ed3000 	/usr/lib/libxslt.1.dylib
0x0000000004ed3000 	/System/Library/Frameworks/Carbon.framework/Versions/A/Frameworks/Ink.framework/Versions/A/Ink
0x0000000004ed3000 	/System/Library/Frameworks/ApplicationServices.framework/Versions/A/Frameworks/ATS.framework/Versions/A/ATS
0x0000000004ed3000 	/System/Library/Frameworks/ApplicationServices.framework/Versions/A/Frameworks/ColorSync.framework/Versions/A/ColorSync
0x0000000004ed3000 	/System/Library/Frameworks/ApplicationServices.framework/Versions/A/Frameworks/HIServices.framework/Versions/A/HIServices
0x0000000004ed3000 	/System/Library/Frameworks/ApplicationServices.framework/Versions/A/Frameworks/LangAnalysis.framework/Versions/A/LangAnalysis
0x0000000004ed3000 	/System/Library/Frameworks/ApplicationServices.framework/Versions/A/Frameworks/PrintCore.framework/Versions/A/PrintCore
0x0000000004ed3000 	/System/Library/Frameworks/ApplicationServices.framework/Versions/A/Frameworks/QD.framework/Versions/A/QD
0x0000000004ed3000 	/System/Library/Frameworks/ApplicationServices.framework/Versions/A/Frameworks/SpeechSynthesis.framework/Versions/A/SpeechSynthesis
0x0000000004ed3000 	/System/Library/Frameworks/IOSurface.framework/Versions/A/IOSurface
0x0000000004ed3000 	/System/Library/Frameworks/Accelerate.framework/Versions/A/Accelerate
0x0000000004ed3000 	/System/Library/Frameworks/Accelerate.framework/Versions/A/Frameworks/vImage.framework/Versions/A/vImage
0x0000000004ed3000 	/System/Library/Frameworks/Accelerate.framework/Versions/A/Frameworks/vecLib.framework/Versions/A/vecLib
0x0000000004ed3000 	/System/Library/Frameworks/Accelerate.framework/Versions/A/Frameworks/vecLib.framework/Versions/A/libvDSP.dylib
0x0000000004ed3000 	/System/Library/Frameworks/Accelerate.framework/Versions/A/Frameworks/vecLib.framework/Versions/A/libvMisc.dylib
0x0000000004ed3000 	/System/Library/Frameworks/Accelerate.framework/Versions/A/Frameworks/vecLib.framework/Versions/A/libLAPACK.dylib
0x0000000004ed3000 	/System/Library/Frameworks/Accelerate.framework/Versions/A/Frameworks/vecLib.framework/Versions/A/libBLAS.dylib
0x0000000004ed3000 	/System/Library/Frameworks/ApplicationServices.framework/Versions/A/Frameworks/ATS.framework/Versions/A/Resources/libFontParser.dylib
0x0000000004ed3000 	/System/Library/Frameworks/ApplicationServices.framework/Versions/A/Frameworks/ATS.framework/Versions/A/Resources/libFontRegistry.dylib
0x0000000004ed3000 	/System/Library/Frameworks/ImageIO.framework/Versions/A/Resources/libJPEG.dylib
0x0000000004ed3000 	/System/Library/Frameworks/ImageIO.framework/Versions/A/Resources/libTIFF.dylib
0x0000000004ed3000 	/System/Library/Frameworks/ImageIO.framework/Versions/A/Resources/libPng.dylib
0x0000000004ed3000 	/System/Library/Frameworks/ImageIO.framework/Versions/A/Resources/libGIF.dylib
0x0000000004ed3000 	/System/Library/Frameworks/ImageIO.framework/Versions/A/Resources/libJP2.dylib
0x0000000004ed3000 	/System/Library/Frameworks/ImageIO.framework/Versions/A/Resources/libRadiance.dylib
0x0000000004ed3000 	/usr/lib/libcups.2.dylib
0x0000000004ed3000 	/System/Library/Frameworks/Kerberos.framework/Versions/A/Kerberos
0x0000000004ed3000 	/System/Library/Frameworks/GSS.framework/Versions/A/GSS
0x0000000004ed3000 	/usr/lib/libresolv.9.dylib
0x0000000004ed3000 	/usr/lib/libiconv.2.dylib
0x0000000004ed3000 	/System/Library/PrivateFrameworks/Heimdal.framework/Versions/A/Heimdal
0x0000000004ed3000 	/System/Library/PrivateFrameworks/TrustEvaluationAgent.framework/Versions/A/TrustEvaluationAgent
0x0000000004ed3000 	/usr/lib/libheimdal-asn1.dylib
0x0000000004ed3000 	/System/Library/Frameworks/OpenDirectory.framework/Versions/A/OpenDirectory
0x0000000004ed3000 	/System/Library/PrivateFrameworks/CommonAuth.framework/Versions/A/CommonAuth
0x0000000004ed3000 	/System/Library/Frameworks/SecurityFoundation.framework/Versions/A/SecurityFoundation
0x0000000004ed3000 	/System/Library/PrivateFrameworks/Bom.framework/Versions/A/Bom
0x0000000004ed3000 	/System/Library/Frameworks/CoreVideo.framework/Versions/A/CoreVideo
0x0000000004ed3000 	/System/Library/Frameworks/QuartzCore.framework/Versions/A/Frameworks/CoreImage.framework/Versions/A/CoreImage
0x0000000004ed3000 	/System/Library/Frameworks/QuartzCore.framework/Versions/A/Frameworks/ScalableUserInterface.framework/Versions/A/ScalableUserInterface
0x0000000004ed3000 	/System/Library/Frameworks/OpenGL.framework/Versions/A/Libraries/libGLU.dylib
0x0000000004ed3000 	/System/Library/Frameworks/OpenGL.framework/Versions/A/Libraries/libGFXShared.dylib
0x0000000004ed3000 	/System/Library/Frameworks/OpenGL.framework/Versions/A/Libraries/libGL.dylib
0x0000000004ed3000 	/System/Library/Frameworks/OpenGL.framework/Versions/A/Libraries/libGLImage.dylib
0x0000000004ed3000 	/System/Library/Frameworks/OpenGL.framework/Versions/A/Libraries/libCVMSPluginSupport.dylib
0x0000000004ed3000 	/System/Library/Frameworks/OpenGL.framework/Versions/A/Libraries/libCoreVMClient.dylib
0x0000000004ed3000 	/System/Library/PrivateFrameworks/FaceCore.framework/Versions/A/FaceCore
0x0000000004ed3000 	/System/Library/PrivateFrameworks/CrashReporterSupport.framework/Versions/A/CrashReporterSupport
0x0000000004ed3000 	/System/Library/Frameworks/OpenCL.framework/Versions/A/OpenCL
0x0000000004ed3000 	/System/Library/PrivateFrameworks/AppleFSCompression.framework/Versions/A/AppleFSCompression
0x0000000004ed3000 	/System/Library/PrivateFrameworks/Ubiquity.framework/Versions/A/Ubiquity
0x0000000004ed3000 	/System/Library/PrivateFrameworks/IconServices.framework/Versions/A/IconServices
0x0000000004ed3000 	/System/Library/PrivateFrameworks/ChunkingLibrary.framework/Versions/A/ChunkingLibrary
0x0000000004ed3000 	/System/Library/PrivateFrameworks/CoreSymbolication.framework/Versions/A/CoreSymbolication
0x0000000004ed3000 	/System/Library/PrivateFrameworks/Symbolication.framework/Versions/A/Symbolication
0x0000000004ed3000 	/System/Library/PrivateFrameworks/DebugSymbols.framework/Versions/A/DebugSymbols
0x000000010a000000 	/Library/Java/JavaVirtualMachines/jdk1.7.0_40.jdk/Contents/Home/jre/lib/server/libjvm.dylib
0x0000000004ed3000 	/usr/lib/libstdc++.6.dylib
0x000000010ab55000 	/Library/Java/JavaVirtualMachines/jdk1.7.0_40.jdk/Contents/Home/jre/lib/libverify.dylib
0x000000010ab62000 	/Library/Java/JavaVirtualMachines/jdk1.7.0_40.jdk/Contents/Home/jre/lib/libjava.dylib
0x000000010ab92000 	/Library/Java/JavaVirtualMachines/jdk1.7.0_40.jdk/Contents/Home/jre/lib/libjdwp.dylib
0x0000000108ffc000 	/Library/Java/JavaVirtualMachines/jdk1.7.0_40.jdk/Contents/Home/jre/lib/libnpt.dylib
0x000000010abd8000 	/Library/Java/JavaVirtualMachines/jdk1.7.0_40.jdk/Contents/Home/jre/lib/libzip.dylib
0x0000000119fad000 	/System/Library/Frameworks/JavaVM.framework/Frameworks/JavaRuntimeSupport.framework/JavaRuntimeSupport
0x0000000119fc5000 	/System/Library/Frameworks/JavaVM.framework/Versions/A/Frameworks/JavaNativeFoundation.framework/Versions/A/JavaNativeFoundation
0x0000000119fda000 	/System/Library/Frameworks/JavaVM.framework/Versions/A/JavaVM
0x0000000004ed3000 	/System/Library/Frameworks/Carbon.framework/Versions/A/Carbon
0x0000000119fe7000 	/System/Library/PrivateFrameworks/JavaLaunching.framework/Versions/A/JavaLaunching
0x0000000004ed3000 	/System/Library/Frameworks/Carbon.framework/Versions/A/Frameworks/CommonPanels.framework/Versions/A/CommonPanels
0x0000000004ed3000 	/System/Library/Frameworks/Carbon.framework/Versions/A/Frameworks/Help.framework/Versions/A/Help
0x0000000004ed3000 	/System/Library/Frameworks/Carbon.framework/Versions/A/Frameworks/ImageCapture.framework/Versions/A/ImageCapture
0x0000000004ed3000 	/System/Library/Frameworks/Carbon.framework/Versions/A/Frameworks/OpenScripting.framework/Versions/A/OpenScripting
0x0000000004ed3000 	/System/Library/Frameworks/Carbon.framework/Versions/A/Frameworks/Print.framework/Versions/A/Print
0x0000000004ed3000 	/System/Library/Frameworks/Carbon.framework/Versions/A/Frameworks/SecurityHI.framework/Versions/A/SecurityHI
0x000000011a1fe000 	/Library/Java/JavaVirtualMachines/jdk1.7.0_40.jdk/Contents/Home/jre/lib/libdt_socket.dylib
0x000000011a97b000 	/Library/Java/JavaVirtualMachines/jdk1.7.0_40.jdk/Contents/Home/jre/lib/libawt.dylib
0x000000011aa2a000 	/Library/Java/JavaVirtualMachines/jdk1.7.0_40.jdk/Contents/Home/jre/lib/./libmlib_image.dylib
0x000000011aaf6000 	/Library/Java/JavaVirtualMachines/jdk1.7.0_40.jdk/Contents/Home/jre/lib/lwawt/liblwawt.dylib
0x000000011abaa000 	/Library/Java/JavaVirtualMachines/jdk1.7.0_40.jdk/Contents/Home/jre/lib/libosxapp.dylib
0x0000000004ed3000 	/System/Library/Frameworks/ExceptionHandling.framework/Versions/A/ExceptionHandling
0x0000000004ed3000 	/System/Library/PrivateFrameworks/CoreServicesInternal.framework/Versions/A/CoreServicesInternal
0x0000000004ed3000 	/System/Library/PrivateFrameworks/Librarian.framework/Versions/A/Librarian
0x0000000004ed3000 	/System/Library/Frameworks/CoreGraphics.framework/Versions/A/Resources/libCGCMS.A.dylib
0x0000000004ed3000 	/System/Library/Frameworks/CoreGraphics.framework/Versions/A/Resources/libRIP.A.dylib
0x0000000004ed3000 	/System/Library/Frameworks/CoreGraphics.framework/Versions/A/Resources/libCGXType.A.dylib
0x0000000004ed3000 	/System/Library/PrivateFrameworks/FamilyControls.framework/Versions/A/FamilyControls
0x0000000004ed3000 	/System/Library/PrivateFrameworks/CommerceKit.framework/Versions/A/Frameworks/CommerceCore.framework/Versions/A/CommerceCore
0x0000000004ed3000 	/System/Library/PrivateFrameworks/SystemAdministration.framework/Versions/A/SystemAdministration
0x0000000004ed3000 	/System/Library/Frameworks/DirectoryService.framework/Versions/A/DirectoryService
0x0000000004ed3000 	/System/Library/PrivateFrameworks/DiskImages.framework/Versions/A/DiskImages
0x0000000004ed3000 	/System/Library/PrivateFrameworks/LoginUIKit.framework/Versions/A/Frameworks/LoginUICore.framework/Versions/A/LoginUICore
0x0000000004ed3000 	/usr/lib/libCoreStorage.dylib
0x0000000004ed3000 	/usr/lib/libcsfde.dylib
0x0000000004ed3000 	/usr/lib/libodfde.dylib
0x0000000004ed3000 	/System/Library/Frameworks/DiscRecording.framework/Versions/A/DiscRecording
0x0000000004ed3000 	/usr/lib/libcurl.4.dylib
0x0000000004ed3000 	/System/Library/PrivateFrameworks/MediaKit.framework/Versions/A/MediaKit
0x0000000004ed3000 	/System/Library/PrivateFrameworks/EFILogin.framework/Versions/A/EFILogin
0x0000000004ed3000 	/usr/lib/libutil.dylib
0x0000000004ed3000 	/System/Library/PrivateFrameworks/AOSNotification.framework/Versions/A/AOSNotification
0x0000000004ed3000 	/System/Library/Frameworks/LDAP.framework/Versions/A/LDAP
0x0000000004ed3000 	/usr/lib/libsasl2.2.dylib
0x0000000004ed3000 	/usr/lib/libcrypto.0.9.8.dylib
0x0000000004ed3000 	/usr/lib/libssl.0.9.8.dylib
0x000000011efa3000 	/Library/Java/JavaVirtualMachines/jdk1.7.0_40.jdk/Contents/Home/jre/lib/libfontmanager.dylib
0x0000000004ed3000 	/System/Library/Frameworks/OpenGL.framework/Versions/A/Resources/GLEngine.bundle/GLEngine
0x0000000004ed3000 	/System/Library/Frameworks/OpenGL.framework/Versions/A/Libraries/libGLProgrammability.dylib
0x0000000000000000 	/System/Library/Extensions/GeForceGLDriver.bundle/Contents/MacOS/GeForceGLDriver
0x0000000004ed3000 	/System/Library/PrivateFrameworks/IOAccelerator.framework/Versions/A/IOAccelerator
0x0000000004ed3000 	/System/Library/PrivateFrameworks/GPUSupport.framework/Versions/A/Libraries/libGPUSupportMercury.dylib
0x0000000004ed3000 	/System/Library/Extensions/GeForceGLDriver.bundle/Contents/MacOS/libclh.dylib
0x0000000004ed3000 	/System/Library/Frameworks/OpenGL.framework/Versions/A/Resources/GLRendererFloat.bundle/GLRendererFloat
0x0000000004ed3000 	/System/Library/Frameworks/OpenCL.framework/Versions/A/Libraries/libcldcpuengine.dylib
0x000000011d557000 	/Library/Java/JavaVirtualMachines/jdk1.7.0_40.jdk/Contents/Home/jre/lib/libosxui.dylib
0x00000001276a2000 	/Library/Java/JavaVirtualMachines/jdk1.7.0_40.jdk/Contents/Home/jre/lib/libnet.dylib
0x00000001276ff000 	/Library/Java/JavaVirtualMachines/jdk1.7.0_40.jdk/Contents/Home/jre/lib/libnio.dylib
0x000000012aba7000 	/Library/Java/JavaVirtualMachines/jdk1.7.0_40.jdk/Contents/Home/jre/lib/libdcpr.dylib

VM Arguments:
jvm_args: -agentlib:jdwp=transport=dt_socket,suspend=y,address=localhost:55968 -Dfile.encoding=US-ASCII 
java_command: rightSize.RightSize
Launcher Type: SUN_STANDARD

Environment Variables:
PATH=/usr/bin:/bin:/usr/sbin:/sbin
SHELL=/bin/bash

Signal Handlers:
SIGSEGV: [libjvm.dylib+0x524b25], sa_mask[0]=0xfffefeff, sa_flags=0x00000043
SIGBUS: [libjvm.dylib+0x524b25], sa_mask[0]=0xfffefeff, sa_flags=0x00000042
SIGFPE: [libjvm.dylib+0x4180e6], sa_mask[0]=0xfffefeff, sa_flags=0x00000042
SIGPIPE: [libjvm.dylib+0x4180e6], sa_mask[0]=0xfffefeff, sa_flags=0x00000042
SIGXFSZ: [libjvm.dylib+0x4180e6], sa_mask[0]=0xfffefeff, sa_flags=0x00000042
SIGILL: [libjvm.dylib+0x4180e6], sa_mask[0]=0xfffefeff, sa_flags=0x00000042
SIGUSR1: SIG_DFL, sa_mask[0]=0x00000000, sa_flags=0x00000002
SIGUSR2: [libjvm.dylib+0x417bd8], sa_mask[0]=0x00000004, sa_flags=0x00000042
SIGHUP: [libjvm.dylib+0x415e67], sa_mask[0]=0xfffefeff, sa_flags=0x00000042
SIGINT: [libjvm.dylib+0x415e67], sa_mask[0]=0xfffefeff, sa_flags=0x00000042
SIGTERM: [libjvm.dylib+0x415e67], sa_mask[0]=0xfffefeff, sa_flags=0x00000042
SIGQUIT: [libjvm.dylib+0x415e67], sa_mask[0]=0xfffefeff, sa_flags=0x00000042


---------------  S Y S T E M  ---------------

OS:Bsduname:Darwin 13.0.0 Darwin Kernel Version 13.0.0: Thu Sep 19 22:22:27 PDT 2013; root:xnu-2422.1.72~6/RELEASE_X86_64 x86_64
rlimit: STACK 8192k, CORE 0k, NPROC 709, NOFILE 10240, AS infinity
load average:1.46 1.37 1.35

CPU:total 8 (4 cores per cpu, 2 threads per core) family 6 model 58 stepping 9, cmov, cx8, fxsr, mmx, sse, sse2, sse3, ssse3, sse4.1, sse4.2, popcnt, avx, aes, erms, ht, tsc, tscinvbit, tscinv

Memory: 4k page, physical 16777216k(4194304k free)

/proc/meminfo:


vm_info: Java HotSpot(TM) 64-Bit Server VM (24.0-b56) for bsd-amd64 JRE (1.7.0_40-b43), built on Aug 26 2013 21:29:19 by "java_re" with gcc 4.2.1 (Based on Apple Inc. build 5658) (LLVM build 2336.11.00)

time: Fri Nov 22 14:30:04 2013
elapsed time: 187 seconds

